============================= test session starts =============================
platform win32 -- Python 3.10.9, pytest-9.1.1, pluggy-1.6.0
rootdir: C:\Users\Indhu Priyan\Documents\GitHub\AIS-SAR-OilSpill-Vessel-Attribution
configfile: pytest.ini
plugins: anyio-4.14.2
collected 15 items

main_system\tests\test_rbac_matrix.py ...............                    [100%]

============================== warnings summary ===============================
main_system/tests/test_rbac_matrix.py::test_the_walker_sees_the_whole_api
  C:\Users\Indhu Priyan\Documents\GitHub\AIS-SAR-OilSpill-Vessel-Attribution\.venv\lib\site-packages\fastapi\testclient.py:1: StarletteDeprecationWarning: Using `httpx` with `starlette.testclient` is deprecated; install `httpx2` instead.
    from starlette.testclient import TestClient as TestClient  # noqa

-- Docs: https://docs.pytest.org/en/stable/how-to/capture-warnings.html
======================== 15 passed, 1 warning in 4.18s ========================
